*** Starting uWSGI 1.9.17.1-debian (32bit) on [Tue Nov  4 03:16:12 2014] ***
compiled with version: 4.8.2 on 23 March 2014 17:20:16
os: Linux-3.13.0-35-generic #62-Ubuntu SMP Fri Aug 15 01:58:01 UTC 2014
nodename: precise32
machine: i686
clock source: unix
pcre jit disabled
detected number of CPU cores: 1
current working directory: /home/xiongjianxu/projects/self/flask/myproject
detected binary path: /usr/bin/uwsgi-core
*** WARNING: you are running uWSGI without its master process manager ***
your processes number limit is 2792
your memory page size is 4096 bytes
detected max file descriptor number: 1024
lock engine: pthread robust mutexes
thunder lock: disabled (you can enable it with --thunder-lock)
uwsgi socket 0 bound to TCP address :5000 fd 3
Python version: 2.7.6 (default, Mar 22 2014, 23:03:14)  [GCC 4.8.2]
*** Python threads support is disabled. You can enable it with --enable-threads ***
Python main interpreter initialized at 0x9587768
your server socket listen backlog is limited to 100 connections
your mercy for graceful operations on workers is 60 seconds
mapped 64020 bytes (62 KB) for 1 cores
*** Operational MODE: single process ***
*** no app loaded. going in full dynamic mode ***
*** uWSGI is running in multiple interpreter mode ***
spawned uWSGI worker 1 (and the only) (pid: 1844, cores: 1)
--- no python application found, check your startup logs for errors ---
[pid: 1844|app: -1|req: -1/1] 10.0.2.2 () {38 vars in 653 bytes} [Tue Nov  4 03:16:27 2014] GET / => generated 21 bytes in 0 msecs (HTTP/1.1 500) 1 headers in 57 bytes (0 switches on core 0)
--- no python application found, check your startup logs for errors ---
[pid: 1844|app: -1|req: -1/2] 10.0.2.2 () {38 vars in 653 bytes} [Tue Nov  4 03:18:47 2014] GET / => generated 21 bytes in 0 msecs (HTTP/1.1 500) 1 headers in 57 bytes (0 switches on core 0)
--- no python application found, check your startup logs for errors ---
[pid: 1844|app: -1|req: -1/3] 10.0.2.2 () {38 vars in 653 bytes} [Tue Nov  4 03:19:13 2014] GET / => generated 21 bytes in 0 msecs (HTTP/1.1 500) 1 headers in 57 bytes (0 switches on core 0)
--- no python application found, check your startup logs for errors ---
[pid: 1844|app: -1|req: -1/4] 10.0.2.2 () {42 vars in 696 bytes} [Tue Nov  4 03:24:57 2014] GET / => generated 21 bytes in 0 msecs (HTTP/1.1 500) 1 headers in 57 bytes (0 switches on core 0)
--- no python application found, check your startup logs for errors ---
[pid: 1844|app: -1|req: -1/5] 10.0.2.2 () {42 vars in 696 bytes} [Tue Nov  4 03:25:00 2014] GET / => generated 21 bytes in 0 msecs (HTTP/1.1 500) 1 headers in 57 bytes (0 switches on core 0)
realpath() of myproject.xml failed: No such file or directory [core/utils.c line 3368]
realpath() of mlconfig failed: No such file or directory [core/utils.c line 3368]
realpath() of myproject.xml failed: No such file or directory [core/utils.c line 3368]
realpath() of myproject.xml failed: No such file or directory [core/utils.c line 3368]
realpath() of myproject.xml failed: No such file or directory [core/utils.c line 3368]
[uWSGI] parsing config file myproject
*** Starting uWSGI 1.9.17.1-debian (32bit) on [Tue Nov  4 08:33:33 2014] ***
compiled with version: 4.8.2 on 23 March 2014 17:20:16
os: Linux-3.13.0-35-generic #62-Ubuntu SMP Fri Aug 15 01:58:01 UTC 2014
nodename: precise32
machine: i686
clock source: unix
pcre jit disabled
detected number of CPU cores: 1
current working directory: /home/xiongjianxu/projects/self/flask/myproject
detected binary path: /usr/bin/uwsgi-core
uWSGI running as root, you can use --uid/--gid/--chroot options
*** WARNING: you are running uWSGI as root !!! (use the --uid flag) *** 
your processes number limit is 2792
your memory page size is 4096 bytes
detected max file descriptor number: 1024
lock engine: pthread robust mutexes
thunder lock: disabled (you can enable it with --thunder-lock)
uwsgi socket 0 bound to TCP address :5000 fd 3
probably another instance of uWSGI is running on the same address (127.0.0.1:5000).
bind(): Address already in use [core/socket.c line 763]
[uWSGI] parsing config file myproject
*** Starting uWSGI 1.9.17.1-debian (32bit) on [Tue Nov  4 08:33:56 2014] ***
compiled with version: 4.8.2 on 23 March 2014 17:20:16
os: Linux-3.13.0-35-generic #62-Ubuntu SMP Fri Aug 15 01:58:01 UTC 2014
nodename: precise32
machine: i686
clock source: unix
pcre jit disabled
detected number of CPU cores: 1
current working directory: /home/xiongjianxu/projects/self/flask/myproject
detected binary path: /usr/bin/uwsgi-core
uWSGI running as root, you can use --uid/--gid/--chroot options
*** WARNING: you are running uWSGI as root !!! (use the --uid flag) *** 
your processes number limit is 2792
your memory page size is 4096 bytes
detected max file descriptor number: 1024
lock engine: pthread robust mutexes
thunder lock: disabled (you can enable it with --thunder-lock)
uwsgi socket 0 bound to TCP address 127.0.0.1:5000 fd 3
your server socket listen backlog is limited to 100 connections
your mercy for graceful operations on workers is 60 seconds
mapped 320100 bytes (312 KB) for 4 cores
*** Operational MODE: preforking ***
*** no app loaded. going in full dynamic mode ***
*** uWSGI is running in multiple interpreter mode ***
!!!!!!!!!!!!!! WARNING !!!!!!!!!!!!!!
no request plugin is loaded, you will not be able to manage requests.
you may need to install the package for your language of choice, or simply load it with --plugin.
!!!!!!!!!!! END OF WARNING !!!!!!!!!!
spawned uWSGI master process (pid: 2685)
spawned uWSGI worker 1 (pid: 2686, cores: 1)
spawned uWSGI worker 2 (pid: 2687, cores: 1)
spawned uWSGI worker 3 (pid: 2688, cores: 1)
spawned uWSGI worker 4 (pid: 2689, cores: 1)
-- unavailable modifier requested: 0 --
-- unavailable modifier requested: 0 --
-- unavailable modifier requested: 0 --
[uWSGI] parsing config file myproject
*** Starting uWSGI 1.9.17.1-debian (32bit) on [Tue Nov  4 08:35:27 2014] ***
compiled with version: 4.8.2 on 23 March 2014 17:20:16
os: Linux-3.13.0-35-generic #62-Ubuntu SMP Fri Aug 15 01:58:01 UTC 2014
nodename: precise32
machine: i686
clock source: unix
pcre jit disabled
detected number of CPU cores: 1
current working directory: /home/xiongjianxu/projects/self/flask/myproject
detected binary path: /usr/bin/uwsgi-core
uWSGI running as root, you can use --uid/--gid/--chroot options
*** WARNING: you are running uWSGI as root !!! (use the --uid flag) *** 
your processes number limit is 2792
your memory page size is 4096 bytes
detected max file descriptor number: 1024
lock engine: pthread robust mutexes
thunder lock: disabled (you can enable it with --thunder-lock)
probably another instance of uWSGI is running on the same address (127.0.0.1:5000).
bind(): Address already in use [core/socket.c line 763]
[uWSGI] parsing config file myproject
*** Starting uWSGI 1.9.17.1-debian (32bit) on [Tue Nov  4 08:36:35 2014] ***
compiled with version: 4.8.2 on 23 March 2014 17:20:16
os: Linux-3.13.0-35-generic #62-Ubuntu SMP Fri Aug 15 01:58:01 UTC 2014
nodename: precise32
machine: i686
clock source: unix
pcre jit disabled
detected number of CPU cores: 1
current working directory: /home/xiongjianxu/projects/self/flask/myproject
detected binary path: /usr/bin/uwsgi-core
uWSGI running as root, you can use --uid/--gid/--chroot options
*** WARNING: you are running uWSGI as root !!! (use the --uid flag) *** 
your processes number limit is 2792
your memory page size is 4096 bytes
detected max file descriptor number: 1024
lock engine: pthread robust mutexes
thunder lock: disabled (you can enable it with --thunder-lock)
probably another instance of uWSGI is running on the same address (127.0.0.1:5000).
bind(): Address already in use [core/socket.c line 763]
[uWSGI] parsing config file myproject
*** Starting uWSGI 1.9.17.1-debian (32bit) on [Tue Nov  4 08:36:47 2014] ***
compiled with version: 4.8.2 on 23 March 2014 17:20:16
os: Linux-3.13.0-35-generic #62-Ubuntu SMP Fri Aug 15 01:58:01 UTC 2014
nodename: precise32
machine: i686
clock source: unix
pcre jit disabled
detected number of CPU cores: 1
current working directory: /home/xiongjianxu/projects/self/flask/myproject
detected binary path: /usr/bin/uwsgi-core
your processes number limit is 2792
your memory page size is 4096 bytes
detected max file descriptor number: 1024
lock engine: pthread robust mutexes
thunder lock: disabled (you can enable it with --thunder-lock)
probably another instance of uWSGI is running on the same address (127.0.0.1:5000).
bind(): Address already in use [core/socket.c line 763]
[uWSGI] parsing config file myproject
*** Starting uWSGI 1.9.17.1-debian (32bit) on [Tue Nov  4 08:36:55 2014] ***
compiled with version: 4.8.2 on 23 March 2014 17:20:16
os: Linux-3.13.0-35-generic #62-Ubuntu SMP Fri Aug 15 01:58:01 UTC 2014
nodename: precise32
machine: i686
clock source: unix
pcre jit disabled
detected number of CPU cores: 1
current working directory: /home/xiongjianxu/projects/self/flask/myproject
detected binary path: /usr/bin/uwsgi-core
your processes number limit is 2792
your memory page size is 4096 bytes
detected max file descriptor number: 1024
lock engine: pthread robust mutexes
thunder lock: disabled (you can enable it with --thunder-lock)
probably another instance of uWSGI is running on the same address (127.0.0.1:5000).
bind(): Address already in use [core/socket.c line 763]
[uWSGI] parsing config file myproject
*** Starting uWSGI 1.9.17.1-debian (32bit) on [Tue Nov  4 08:36:56 2014] ***
compiled with version: 4.8.2 on 23 March 2014 17:20:16
os: Linux-3.13.0-35-generic #62-Ubuntu SMP Fri Aug 15 01:58:01 UTC 2014
nodename: precise32
machine: i686
clock source: unix
pcre jit disabled
detected number of CPU cores: 1
current working directory: /home/xiongjianxu/projects/self/flask/myproject
detected binary path: /usr/bin/uwsgi-core
your processes number limit is 2792
your memory page size is 4096 bytes
detected max file descriptor number: 1024
lock engine: pthread robust mutexes
thunder lock: disabled (you can enable it with --thunder-lock)
probably another instance of uWSGI is running on the same address (127.0.0.1:5000).
bind(): Address already in use [core/socket.c line 763]
-- unavailable modifier requested: 0 --
Tue Nov  4 08:39:25 2014 - uWSGI worker 1 screams: UAAAAAAH my master disconnected: i will kill myself !!!
Tue Nov  4 08:39:25 2014 - uWSGI worker 2 screams: UAAAAAAH my master disconnected: i will kill myself !!!
Tue Nov  4 08:39:25 2014 - uWSGI worker 3 screams: UAAAAAAH my master disconnected: i will kill myself !!!
Tue Nov  4 08:39:25 2014 - uWSGI worker 4 screams: UAAAAAAH my master disconnected: i will kill myself !!!
[uWSGI] parsing config file myproject.xml
*** Starting uWSGI 1.9.17.1-debian (32bit) on [Tue Nov  4 08:59:51 2014] ***
compiled with version: 4.8.2 on 23 March 2014 17:20:16
os: Linux-3.13.0-35-generic #62-Ubuntu SMP Fri Aug 15 01:58:01 UTC 2014
nodename: precise32
machine: i686
clock source: unix
pcre jit disabled
detected number of CPU cores: 1
current working directory: /home/xiongjianxu/projects/self/flask/myproject
detected binary path: /usr/bin/uwsgi-core
your processes number limit is 2792
your memory page size is 4096 bytes
detected max file descriptor number: 1024
lock engine: pthread robust mutexes
thunder lock: disabled (you can enable it with --thunder-lock)
uwsgi socket 0 bound to TCP address 127.0.0.1:5000 fd 3
Python version: 2.7.6 (default, Mar 22 2014, 23:03:14)  [GCC 4.8.2]
*** Python threads support is disabled. You can enable it with --enable-threads ***
Python main interpreter initialized at 0x90e16b0
your server socket listen backlog is limited to 100 connections
your mercy for graceful operations on workers is 60 seconds
mapped 320100 bytes (312 KB) for 4 cores
*** Operational MODE: preforking ***
added /home/xiongjianxu/projects/self/flask/myproject/ to pythonpath.
WSGI app 0 (mountpoint='') ready in 1 seconds on interpreter 0x90e16b0 pid: 2881 (default app)
*** uWSGI is running in multiple interpreter mode ***
spawned uWSGI master process (pid: 2881)
spawned uWSGI worker 1 (pid: 2884, cores: 1)
spawned uWSGI worker 2 (pid: 2885, cores: 1)
spawned uWSGI worker 3 (pid: 2886, cores: 1)
spawned uWSGI worker 4 (pid: 2887, cores: 1)
{address space usage: 22523904 bytes/21MB} {rss usage: 8507392 bytes/8MB} [pid: 2885|app: 0|req: 1/1] 10.0.2.2 () {42 vars in 696 bytes} [Tue Nov  4 09:08:47 2014] GET / => generated 9 bytes in 2 msecs (HTTP/1.1 200) 2 headers in 78 bytes (1 switches on core 0)
{address space usage: 22523904 bytes/21MB} {rss usage: 8384512 bytes/7MB} [pid: 2885|app: 0|req: 2/2] 10.0.2.2 () {42 vars in 696 bytes} [Tue Nov  4 10:29:24 2014] GET / => generated 9 bytes in 39 msecs (HTTP/1.1 200) 2 headers in 78 bytes (1 switches on core 0)
{address space usage: 22892544 bytes/21MB} {rss usage: 8749056 bytes/8MB} [pid: 2886|app: 0|req: 1/3] 10.0.2.2 () {42 vars in 718 bytes} [Tue Nov  4 10:29:24 2014] GET /favicon.ico => generated 233 bytes in 38 msecs (HTTP/1.1 404) 2 headers in 72 bytes (1 switches on core 0)
